[28452:28452:1027/043535.458956:WARNING:sandbox_linux.cc(380)] InitializeSandbox() called with multiple threads in process gpu-process.
[28414:28414:1027/043535.486610:WARNING:bluez_dbus_manager.cc(247)] Floss manager not present, cannot set Floss enable/disable.
[28414:28414:1027/043535.595655:INFO:CONSOLE(1)] "%c Cyberghost VPN color:#008ACD; font-size: 32px", source: chrome-extension://ffbkglfijbcbgblgflchnbphjdllaogb/background.js (1)
[28414:28414:1027/043535.604002:INFO:CONSOLE(1)] "Application was installed", source: chrome-extension://ffbkglfijbcbgblgflchnbphjdllaogb/background.js (1)
[28414:28414:1027/043535.604743:INFO:CONSOLE(1)] "-- connection disabled", source: chrome-extension://ffbkglfijbcbgblgflchnbphjdllaogb/background.js (1)
[28414:28414:1027/043535.606948:INFO:CONSOLE(1)] "path signedout", source: chrome-extension://ffbkglfijbcbgblgflchnbphjdllaogb/background.js (1)
[28414:28414:1027/043535.607122:INFO:CONSOLE(1)] "icon [object Object]", source: chrome-extension://ffbkglfijbcbgblgflchnbphjdllaogb/background.js (1)
[28414:28414:1027/043535.607171:INFO:CONSOLE(1)] "chrome chrome chrome [object Object]", source: chrome-extension://ffbkglfijbcbgblgflchnbphjdllaogb/background.js (1)
[28414:28414:1027/043535.663278:INFO:CONSOLE(1)] "errrrrrr undefined", source: chrome-extension://ffbkglfijbcbgblgflchnbphjdllaogb/background.js (1)
[28414:28414:1027/043535.695653:WARNING:CONSOLE(1)] "Unrecognized feature: '
'.", source: chrome://resources/polymer/v3_0/polymer/polymer_bundled.min.js (1)
[28453:28471:1027/043535.768803:WARNING:spdy_session.cc(3502)] Received HEADERS for invalid stream 1
[28414:28414:1027/043535.772027:INFO:CONSOLE(1)] "path disabled", source: chrome-extension://ffbkglfijbcbgblgflchnbphjdllaogb/background.js (1)
[28414:28414:1027/043535.772577:INFO:CONSOLE(1)] "icon [object Object]", source: chrome-extension://ffbkglfijbcbgblgflchnbphjdllaogb/background.js (1)
[28414:28414:1027/043535.772646:INFO:CONSOLE(1)] "chrome chrome chrome [object Object]", source: chrome-extension://ffbkglfijbcbgblgflchnbphjdllaogb/background.js (1)
[28414:28414:1027/043535.773630:INFO:CONSOLE(1)] "path disabled", source: chrome-extension://ffbkglfijbcbgblgflchnbphjdllaogb/background.js (1)
[28414:28414:1027/043535.773886:INFO:CONSOLE(1)] "icon [object Object]", source: chrome-extension://ffbkglfijbcbgblgflchnbphjdllaogb/background.js (1)
[28414:28414:1027/043535.773927:INFO:CONSOLE(1)] "chrome chrome chrome [object Object]", source: chrome-extension://ffbkglfijbcbgblgflchnbphjdllaogb/background.js (1)
[28453:28471:1027/043535.791490:WARNING:spdy_session.cc(3502)] Received HEADERS for invalid stream 3
[28414:28414:1027/043535.795702:INFO:CONSOLE(1)] "errrrrrr undefined", source: chrome-extension://ffbkglfijbcbgblgflchnbphjdllaogb/background.js (1)
[28414:28414:1027/043535.795850:INFO:CONSOLE(1)] "errrrrrr undefined", source: chrome-extension://ffbkglfijbcbgblgflchnbphjdllaogb/background.js (1)
[28414:28414:1027/043535.853745:WARNING:CONSOLE(1)] "Unrecognized feature: '
'.", source: chrome://resources/polymer/v3_0/polymer/polymer_bundled.min.js (1)
[28414:28414:1027/043537.300672:INFO:CONSOLE(1)] "path disabled", source: chrome-extension://ffbkglfijbcbgblgflchnbphjdllaogb/background.js (1)
[28414:28414:1027/043537.301102:INFO:CONSOLE(1)] "icon [object Object]", source: chrome-extension://ffbkglfijbcbgblgflchnbphjdllaogb/background.js (1)
[28414:28414:1027/043537.301319:INFO:CONSOLE(1)] "chrome chrome chrome [object Object]", source: chrome-extension://ffbkglfijbcbgblgflchnbphjdllaogb/background.js (1)
[28414:28414:1027/043537.302398:INFO:CONSOLE(1)] "path disabled", source: chrome-extension://ffbkglfijbcbgblgflchnbphjdllaogb/background.js (1)
[28414:28414:1027/043537.302674:INFO:CONSOLE(1)] "icon [object Object]", source: chrome-extension://ffbkglfijbcbgblgflchnbphjdllaogb/background.js (1)
[28414:28414:1027/043537.302724:INFO:CONSOLE(1)] "chrome chrome chrome [object Object]", source: chrome-extension://ffbkglfijbcbgblgflchnbphjdllaogb/background.js (1)
[28414:28414:1027/043537.303358:INFO:CONSOLE(1)] "path disabled", source: chrome-extension://ffbkglfijbcbgblgflchnbphjdllaogb/background.js (1)
[28414:28414:1027/043537.303668:INFO:CONSOLE(1)] "icon [object Object]", source: chrome-extension://ffbkglfijbcbgblgflchnbphjdllaogb/background.js (1)
[28414:28414:1027/043537.303696:INFO:CONSOLE(1)] "chrome chrome chrome [object Object]", source: chrome-extension://ffbkglfijbcbgblgflchnbphjdllaogb/background.js (1)
[28414:28414:1027/043537.304479:INFO:CONSOLE(1)] "path disabled", source: chrome-extension://ffbkglfijbcbgblgflchnbphjdllaogb/background.js (1)
[28414:28414:1027/043537.304718:INFO:CONSOLE(1)] "icon [object Object]", source: chrome-extension://ffbkglfijbcbgblgflchnbphjdllaogb/background.js (1)
[28414:28414:1027/043537.304759:INFO:CONSOLE(1)] "chrome chrome chrome [object Object]", source: chrome-extension://ffbkglfijbcbgblgflchnbphjdllaogb/background.js (1)
[28414:28414:1027/043537.334921:INFO:CONSOLE(1)] "errrrrrr undefined", source: chrome-extension://ffbkglfijbcbgblgflchnbphjdllaogb/background.js (1)
[28414:28414:1027/043537.335103:INFO:CONSOLE(1)] "errrrrrr undefined", source: chrome-extension://ffbkglfijbcbgblgflchnbphjdllaogb/background.js (1)
[28414:28414:1027/043537.335150:INFO:CONSOLE(1)] "errrrrrr undefined", source: chrome-extension://ffbkglfijbcbgblgflchnbphjdllaogb/background.js (1)
[28414:28414:1027/043537.335373:INFO:CONSOLE(1)] "errrrrrr undefined", source: chrome-extension://ffbkglfijbcbgblgflchnbphjdllaogb/background.js (1)
[28414:28414:1027/043537.706929:INFO:CONSOLE(1)] "path disabled", source: chrome-extension://ffbkglfijbcbgblgflchnbphjdllaogb/background.js (1)
[28414:28414:1027/043537.707274:INFO:CONSOLE(1)] "icon [object Object]", source: chrome-extension://ffbkglfijbcbgblgflchnbphjdllaogb/background.js (1)
[28414:28414:1027/043537.707342:INFO:CONSOLE(1)] "chrome chrome chrome [object Object]", source: chrome-extension://ffbkglfijbcbgblgflchnbphjdllaogb/background.js (1)
[28414:28414:1027/043537.708836:INFO:CONSOLE(1)] "path disabled", source: chrome-extension://ffbkglfijbcbgblgflchnbphjdllaogb/background.js (1)
[28414:28414:1027/043537.709441:INFO:CONSOLE(1)] "icon [object Object]", source: chrome-extension://ffbkglfijbcbgblgflchnbphjdllaogb/background.js (1)
[28414:28414:1027/043537.709478:INFO:CONSOLE(1)] "chrome chrome chrome [object Object]", source: chrome-extension://ffbkglfijbcbgblgflchnbphjdllaogb/background.js (1)
[28414:28414:1027/043537.727394:INFO:CONSOLE(1)] "errrrrrr undefined", source: chrome-extension://ffbkglfijbcbgblgflchnbphjdllaogb/background.js (1)
[28414:28414:1027/043537.727614:INFO:CONSOLE(1)] "errrrrrr undefined", source: chrome-extension://ffbkglfijbcbgblgflchnbphjdllaogb/background.js (1)
[28414:28414:1027/043538.360336:INFO:CONSOLE(1)] "path disabled", source: chrome-extension://ffbkglfijbcbgblgflchnbphjdllaogb/background.js (1)
[28414:28414:1027/043538.360480:INFO:CONSOLE(1)] "icon [object Object]", source: chrome-extension://ffbkglfijbcbgblgflchnbphjdllaogb/background.js (1)
[28414:28414:1027/043538.360521:INFO:CONSOLE(1)] "chrome chrome chrome [object Object]", source: chrome-extension://ffbkglfijbcbgblgflchnbphjdllaogb/background.js (1)
[28414:28414:1027/043538.361564:INFO:CONSOLE(1)] "path disabled", source: chrome-extension://ffbkglfijbcbgblgflchnbphjdllaogb/background.js (1)
[28414:28414:1027/043538.361643:INFO:CONSOLE(1)] "icon [object Object]", source: chrome-extension://ffbkglfijbcbgblgflchnbphjdllaogb/background.js (1)
[28414:28414:1027/043538.361693:INFO:CONSOLE(1)] "chrome chrome chrome [object Object]", source: chrome-extension://ffbkglfijbcbgblgflchnbphjdllaogb/background.js (1)
[28414:28414:1027/043538.375273:INFO:CONSOLE(1)] "errrrrrr undefined", source: chrome-extension://ffbkglfijbcbgblgflchnbphjdllaogb/background.js (1)
[28414:28414:1027/043538.378676:INFO:CONSOLE(1)] "errrrrrr undefined", source: chrome-extension://ffbkglfijbcbgblgflchnbphjdllaogb/background.js (1)
[28452:28452:1027/043548.798921:ERROR:gl_surface_presentation_helper.cc(260)] GetVSyncParametersIfAvailable() failed for 1 times!
[28414:28414:1027/043551.283145:WARNING:controller_impl.cc(1190)] Background download complete, client: 6, completion type: 0, file size:9419
[28414:28414:1027/043551.332186:WARNING:controller_impl.cc(1190)] Background download complete, client: 6, completion type: 0, file size:265060
[28452:28452:1027/043551.510006:ERROR:gl_surface_presentation_helper.cc(260)] GetVSyncParametersIfAvailable() failed for 2 times!
[28452:28452:1027/043551.514579:ERROR:gl_surface_presentation_helper.cc(260)] GetVSyncParametersIfAvailable() failed for 3 times!
[28414:28414:1027/043551.912450:INFO:CONSOLE(1)] "path disabled", source: chrome-extension://ffbkglfijbcbgblgflchnbphjdllaogb/background.js (1)
[28414:28414:1027/043551.912737:INFO:CONSOLE(1)] "icon [object Object]", source: chrome-extension://ffbkglfijbcbgblgflchnbphjdllaogb/background.js (1)
[28414:28414:1027/043551.912781:INFO:CONSOLE(1)] "chrome chrome chrome [object Object]", source: chrome-extension://ffbkglfijbcbgblgflchnbphjdllaogb/background.js (1)
[28414:28414:1027/043551.914684:INFO:CONSOLE(1)] "path disabled", source: chrome-extension://ffbkglfijbcbgblgflchnbphjdllaogb/background.js (1)
[28414:28414:1027/043551.916275:INFO:CONSOLE(1)] "icon [object Object]", source: chrome-extension://ffbkglfijbcbgblgflchnbphjdllaogb/background.js (1)
[28414:28414:1027/043551.916391:INFO:CONSOLE(1)] "chrome chrome chrome [object Object]", source: chrome-extension://ffbkglfijbcbgblgflchnbphjdllaogb/background.js (1)
[28414:28414:1027/043551.931873:INFO:CONSOLE(1)] "errrrrrr undefined", source: chrome-extension://ffbkglfijbcbgblgflchnbphjdllaogb/background.js (1)
[28414:28414:1027/043551.932011:INFO:CONSOLE(1)] "errrrrrr undefined", source: chrome-extension://ffbkglfijbcbgblgflchnbphjdllaogb/background.js (1)
[28414:28414:1027/043552.069486:INFO:CONSOLE(1)] "path disabled", source: chrome-extension://ffbkglfijbcbgblgflchnbphjdllaogb/background.js (1)
[28414:28414:1027/043552.069959:INFO:CONSOLE(1)] "icon [object Object]", source: chrome-extension://ffbkglfijbcbgblgflchnbphjdllaogb/background.js (1)
[28414:28414:1027/043552.070014:INFO:CONSOLE(1)] "chrome chrome chrome [object Object]", source: chrome-extension://ffbkglfijbcbgblgflchnbphjdllaogb/background.js (1)
[28414:28414:1027/043552.070958:INFO:CONSOLE(1)] "path disabled", source: chrome-extension://ffbkglfijbcbgblgflchnbphjdllaogb/background.js (1)
[28414:28414:1027/043552.071616:INFO:CONSOLE(1)] "icon [object Object]", source: chrome-extension://ffbkglfijbcbgblgflchnbphjdllaogb/background.js (1)
[28414:28414:1027/043552.071684:INFO:CONSOLE(1)] "chrome chrome chrome [object Object]", source: chrome-extension://ffbkglfijbcbgblgflchnbphjdllaogb/background.js (1)
[28414:28414:1027/043552.089533:INFO:CONSOLE(1)] "errrrrrr undefined", source: chrome-extension://ffbkglfijbcbgblgflchnbphjdllaogb/background.js (1)
[28414:28414:1027/043552.090520:INFO:CONSOLE(1)] "errrrrrr undefined", source: chrome-extension://ffbkglfijbcbgblgflchnbphjdllaogb/background.js (1)
[28414:28414:1027/043552.187732:INFO:CONSOLE(0)] "[DOM] Input elements should have autocomplete attributes (suggested: "current-password"): (More info: https://goo.gl/9p2vKq) %o", source: https://accounts.google.com/v3/signin/identifier?dsh=S117883390%3A1666845351692708&continue=https%3A%2F%2Fwww.google.com%2F&ec=GAZAmgQ&hl=en&passive=true&flowName=GlifWebSignIn&flowEntry=ServiceLogin&ifkv=AQDHYWpwkv82uxd6r7-_6paFmwF_EgRcOfUKN8549lCF7MiV4DPc6ruVOYqmdcKvn6Bmr95I5UkNig (0)
[28414:28414:1027/043552.207038:INFO:CONSOLE(412)] "%c%s color: red; background: yellow; font-size: 24px; WARNING!", source: https://www.gstatic.com/_/mss/boq-identity/_/js/k=boq-identity.AccountsSignInUi.en.pLj2fiMe9kw.es5.O/am=ZwAMAmIOnAwBAAAAAAAAAAAG4AAB/d=1/excm=_b,_r,_tp,identifierview/ed=1/dg=0/wt=2/rs=AOaEmlHPoQ6GBzsdcNKdagp9HzUlpo_1dw/m=_b,_tp,_r (412)
[28414:28414:1027/043552.207140:INFO:CONSOLE(412)] "%c%s font-size: 18px; Using this console may allow attackers to impersonate you and steal your information using an attack called Self-XSS.
Do not enter or paste code that you do not understand.", source: https://www.gstatic.com/_/mss/boq-identity/_/js/k=boq-identity.AccountsSignInUi.en.pLj2fiMe9kw.es5.O/am=ZwAMAmIOnAwBAAAAAAAAAAAG4AAB/d=1/excm=_b,_r,_tp,identifierview/ed=1/dg=0/wt=2/rs=AOaEmlHPoQ6GBzsdcNKdagp9HzUlpo_1dw/m=_b,_tp,_r (412)
[28414:28414:1027/043552.296670:INFO:CONSOLE(1)] "path disabled", source: chrome-extension://ffbkglfijbcbgblgflchnbphjdllaogb/background.js (1)
[28414:28414:1027/043552.296838:INFO:CONSOLE(1)] "icon [object Object]", source: chrome-extension://ffbkglfijbcbgblgflchnbphjdllaogb/background.js (1)
[28414:28414:1027/043552.296887:INFO:CONSOLE(1)] "chrome chrome chrome [object Object]", source: chrome-extension://ffbkglfijbcbgblgflchnbphjdllaogb/background.js (1)
[28414:28414:1027/043552.298109:INFO:CONSOLE(1)] "path disabled", source: chrome-extension://ffbkglfijbcbgblgflchnbphjdllaogb/background.js (1)
[28414:28414:1027/043552.298389:INFO:CONSOLE(1)] "icon [object Object]", source: chrome-extension://ffbkglfijbcbgblgflchnbphjdllaogb/background.js (1)
[28414:28414:1027/043552.298426:INFO:CONSOLE(1)] "chrome chrome chrome [object Object]", source: chrome-extension://ffbkglfijbcbgblgflchnbphjdllaogb/background.js (1)
[28414:28414:1027/043552.316466:INFO:CONSOLE(1)] "errrrrrr undefined", source: chrome-extension://ffbkglfijbcbgblgflchnbphjdllaogb/background.js (1)
[28414:28414:1027/043552.318844:INFO:CONSOLE(1)] "errrrrrr undefined", source: chrome-extension://ffbkglfijbcbgblgflchnbphjdllaogb/background.js (1)
[28414:28414:1027/043553.271744:INFO:CONSOLE(1)] "path disabled", source: chrome-extension://ffbkglfijbcbgblgflchnbphjdllaogb/background.js (1)
[28414:28414:1027/043553.272032:INFO:CONSOLE(1)] "icon [object Object]", source: chrome-extension://ffbkglfijbcbgblgflchnbphjdllaogb/background.js (1)
[28414:28414:1027/043553.272071:INFO:CONSOLE(1)] "chrome chrome chrome [object Object]", source: chrome-extension://ffbkglfijbcbgblgflchnbphjdllaogb/background.js (1)
[28414:28414:1027/043553.273054:INFO:CONSOLE(1)] "path disabled", source: chrome-extension://ffbkglfijbcbgblgflchnbphjdllaogb/background.js (1)
[28414:28414:1027/043553.273377:INFO:CONSOLE(1)] "icon [object Object]", source: chrome-extension://ffbkglfijbcbgblgflchnbphjdllaogb/background.js (1)
[28414:28414:1027/043553.273422:INFO:CONSOLE(1)] "chrome chrome chrome [object Object]", source: chrome-extension://ffbkglfijbcbgblgflchnbphjdllaogb/background.js (1)
[28414:28414:1027/043553.292489:INFO:CONSOLE(1)] "errrrrrr undefined", source: chrome-extension://ffbkglfijbcbgblgflchnbphjdllaogb/background.js (1)
[28414:28414:1027/043553.292736:INFO:CONSOLE(1)] "errrrrrr undefined", source: chrome-extension://ffbkglfijbcbgblgflchnbphjdllaogb/background.js (1)
[28414:28414:1027/043616.483979:ERROR:service_worker_task_queue.cc(232)] DidStartWorkerFail ffbkglfijbcbgblgflchnbphjdllaogb: 16
[28414:28414:1027/043616.759389:ERROR:service_worker_task_queue.cc(232)] DidStartWorkerFail ffbkglfijbcbgblgflchnbphjdllaogb: 5
[28414:28414:1027/043616.839687:ERROR:service_worker_task_queue.cc(232)] DidStartWorkerFail ffbkglfijbcbgblgflchnbphjdllaogb: 5
[28414:28414:1027/043617.298179:ERROR:service_worker_task_queue.cc(232)] DidStartWorkerFail ffbkglfijbcbgblgflchnbphjdllaogb: 5
[28414:28414:1027/043617.326483:ERROR:service_worker_task_queue.cc(232)] DidStartWorkerFail ffbkglfijbcbgblgflchnbphjdllaogb: 5
[28414:28414:1027/043619.305945:ERROR:service_worker_task_queue.cc(232)] DidStartWorkerFail ffbkglfijbcbgblgflchnbphjdllaogb: 5
[28414:28414:1027/043652.550745:ERROR:service_worker_task_queue.cc(232)] DidStartWorkerFail ffbkglfijbcbgblgflchnbphjdllaogb: 5
[28414:28414:1027/043723.402978:ERROR:service_worker_task_queue.cc(232)] DidStartWorkerFail ffbkglfijbcbgblgflchnbphjdllaogb: 5
[28414:28414:1027/043735.666704:ERROR:service_worker_task_queue.cc(232)] DidStartWorkerFail ffbkglfijbcbgblgflchnbphjdllaogb: 5
[28414:28414:1027/043745.760656:ERROR:service_worker_task_queue.cc(232)] DidStartWorkerFail ffbkglfijbcbgblgflchnbphjdllaogb: 5
[28414:28414:1027/043800.011555:ERROR:service_worker_task_queue.cc(232)] DidStartWorkerFail ffbkglfijbcbgblgflchnbphjdllaogb: 5
[28414:28414:1027/043800.532133:ERROR:service_worker_task_queue.cc(232)] DidStartWorkerFail ffbkglfijbcbgblgflchnbphjdllaogb: 5
[28414:28414:1027/043800.857397:ERROR:service_worker_task_queue.cc(232)] DidStartWorkerFail ffbkglfijbcbgblgflchnbphjdllaogb: 5
[28414:28414:1027/043809.951673:ERROR:service_worker_task_queue.cc(232)] DidStartWorkerFail ffbkglfijbcbgblgflchnbphjdllaogb: 5
[28414:28414:1027/043809.953532:ERROR:service_worker_task_queue.cc(232)] DidStartWorkerFail ffbkglfijbcbgblgflchnbphjdllaogb: 5
[28414:28414:1027/043810.841140:INFO:CONSOLE(9049)] "LegacyDataMixin will be applied to all legacy elements.
Set `_legacyUndefinedCheck: true` on element class to enable.", source: https://www.youtube.com/s/desktop/98b05ec2/jsbin/desktop_polymer.vflset/desktop_polymer.js (9049)
[28414:28414:1027/043812.734199:INFO:CONSOLE(0)] "Mixed Content: The page at 'https://www.youtube.com/sw.js' was loaded over HTTPS, but requested an insecure resource 'http://www.youtube.com/signin?action_handle_signin=true&app=desktop&next=https%3A%2F%2Fwww.youtube.com%2Fapp_shell&feature=account_registration&authuser=0'. This request has been blocked; the content must be served over HTTPS.", source:  (0)
[28414:28414:1027/043814.363773:ERROR:service_worker_task_queue.cc(232)] DidStartWorkerFail ffbkglfijbcbgblgflchnbphjdllaogb: 5
[28414:28414:1027/043814.386743:ERROR:service_worker_task_queue.cc(232)] DidStartWorkerFail ffbkglfijbcbgblgflchnbphjdllaogb: 5
[28414:28414:1027/043815.221548:INFO:CONSOLE(9049)] "LegacyDataMixin will be applied to all legacy elements.
Set `_legacyUndefinedCheck: true` on element class to enable.", source: https://www.youtube.com/s/desktop/98b05ec2/jsbin/desktop_polymer.vflset/desktop_polymer.js (9049)
[28414:28414:1027/043815.848490:ERROR:service_worker_task_queue.cc(232)] DidStartWorkerFail ffbkglfijbcbgblgflchnbphjdllaogb: 5
[28414:28414:1027/043815.870056:ERROR:service_worker_task_queue.cc(232)] DidStartWorkerFail ffbkglfijbcbgblgflchnbphjdllaogb: 5
[28414:28414:1027/043816.584970:ERROR:service_worker_task_queue.cc(232)] DidStartWorkerFail ffbkglfijbcbgblgflchnbphjdllaogb: 5
[28414:28414:1027/043816.846283:INFO:CONSOLE(9049)] "LegacyDataMixin will be applied to all legacy elements.
Set `_legacyUndefinedCheck: true` on element class to enable.", source: https://www.youtube.com/s/desktop/98b05ec2/jsbin/desktop_polymer.vflset/desktop_polymer.js (9049)
[28414:28414:1027/043818.769652:ERROR:service_worker_task_queue.cc(232)] DidStartWorkerFail ffbkglfijbcbgblgflchnbphjdllaogb: 5
[28414:28414:1027/043819.105003:ERROR:service_worker_task_queue.cc(232)] DidStartWorkerFail ffbkglfijbcbgblgflchnbphjdllaogb: 5
[28414:28414:1027/043819.266728:INFO:CONSOLE(9049)] "LegacyDataMixin will be applied to all legacy elements.
Set `_legacyUndefinedCheck: true` on element class to enable.", source: https://www.youtube.com/s/desktop/98b05ec2/jsbin/desktop_polymer.vflset/desktop_polymer.js (9049)
[28414:28414:1027/043820.808689:ERROR:service_worker_task_queue.cc(232)] DidStartWorkerFail ffbkglfijbcbgblgflchnbphjdllaogb: 5
[28414:28414:1027/043821.053891:ERROR:service_worker_task_queue.cc(232)] DidStartWorkerFail ffbkglfijbcbgblgflchnbphjdllaogb: 5
[28414:28414:1027/043821.214711:INFO:CONSOLE(9049)] "LegacyDataMixin will be applied to all legacy elements.
Set `_legacyUndefinedCheck: true` on element class to enable.", source: https://www.youtube.com/s/desktop/98b05ec2/jsbin/desktop_polymer.vflset/desktop_polymer.js (9049)
[28414:28414:1027/043822.647442:ERROR:service_worker_task_queue.cc(232)] DidStartWorkerFail ffbkglfijbcbgblgflchnbphjdllaogb: 5
[28414:28414:1027/043830.010073:INFO:CONSOLE(0)] "The resource https://i.ytimg.com/generate_204 was preloaded using link preload but not used within a few seconds from the window's load event. Please make sure it has an appropriate `as` value and it is preloaded intentionally.", source: https://www.youtube.com/ (0)
[28414:28414:1027/043834.804199:ERROR:service_worker_task_queue.cc(232)] DidStartWorkerFail ffbkglfijbcbgblgflchnbphjdllaogb: 5
[28414:28414:1027/043834.817828:ERROR:service_worker_task_queue.cc(232)] DidStartWorkerFail ffbkglfijbcbgblgflchnbphjdllaogb: 5
[28414:28414:1027/043835.468588:ERROR:service_worker_task_queue.cc(232)] DidStartWorkerFail ffbkglfijbcbgblgflchnbphjdllaogb: 5
[28414:28414:1027/043836.168079:ERROR:service_worker_task_queue.cc(232)] DidStartWorkerFail ffbkglfijbcbgblgflchnbphjdllaogb: 5
[28414:28414:1027/043843.898549:ERROR:service_worker_task_queue.cc(232)] DidStartWorkerFail ffbkglfijbcbgblgflchnbphjdllaogb: 5
[28414:28414:1027/043844.610289:INFO:CONSOLE(0)] "The resource https://i.ytimg.com/generate_204 was preloaded using link preload but not used within a few seconds from the window's load event. Please make sure it has an appropriate `as` value and it is preloaded intentionally.", source: https://www.youtube.com/watch?v=r5-i4IZqUxY (0)
[28414:28414:1027/043848.722339:INFO:CONSOLE(0)] "The resource https://i.ytimg.com/generate_204 was preloaded using link preload but not used within a few seconds from the window's load event. Please make sure it has an appropriate `as` value and it is preloaded intentionally.", source: https://www.youtube.com/watch?v=r5-i4IZqUxY (0)
[28414:28414:1027/043856.602038:INFO:CONSOLE(0)] "The resource https://i.ytimg.com/generate_204 was preloaded using link preload but not used within a few seconds from the window's load event. Please make sure it has an appropriate `as` value and it is preloaded intentionally.", source: https://www.youtube.com/watch?v=r5-i4IZqUxY (0)
[28414:28414:1027/043902.522333:INFO:CONSOLE(0)] "The resource https://i.ytimg.com/generate_204 was preloaded using link preload but not used within a few seconds from the window's load event. Please make sure it has an appropriate `as` value and it is preloaded intentionally.", source: https://www.youtube.com/watch?v=r5-i4IZqUxY (0)
[28414:28414:1027/043930.314308:INFO:CONSOLE(0)] "The resource https://i.ytimg.com/generate_204 was preloaded using link preload but not used within a few seconds from the window's load event. Please make sure it has an appropriate `as` value and it is preloaded intentionally.", source: https://www.youtube.com/watch?v=r5-i4IZqUxY (0)
[28414:28414:1027/043948.562361:INFO:CONSOLE(0)] "The resource https://i.ytimg.com/generate_204 was preloaded using link preload but not used within a few seconds from the window's load event. Please make sure it has an appropriate `as` value and it is preloaded intentionally.", source: https://www.youtube.com/watch?v=r5-i4IZqUxY (0)
[28414:28414:1027/043958.458233:INFO:CONSOLE(0)] "The resource https://i.ytimg.com/generate_204 was preloaded using link preload but not used within a few seconds from the window's load event. Please make sure it has an appropriate `as` value and it is preloaded intentionally.", source: https://www.youtube.com/watch?v=r5-i4IZqUxY (0)
[28414:28414:1027/044004.354331:INFO:CONSOLE(0)] "The resource https://i.ytimg.com/generate_204 was preloaded using link preload but not used within a few seconds from the window's load event. Please make sure it has an appropriate `as` value and it is preloaded intentionally.", source: https://www.youtube.com/watch?v=r5-i4IZqUxY (0)
[28414:28414:1027/044028.474340:INFO:CONSOLE(0)] "The resource https://i.ytimg.com/generate_204 was preloaded using link preload but not used within a few seconds from the window's load event. Please make sure it has an appropriate `as` value and it is preloaded intentionally.", source: https://www.youtube.com/watch?v=r5-i4IZqUxY (0)
[28414:28414:1027/044037.495948:INFO:primary_account_manager.cc(321)] Revoking all refresh tokens on server. Reason: sign out
[28414:28414:1027/044108.538313:INFO:CONSOLE(0)] "The resource https://i.ytimg.com/generate_204 was preloaded using link preload but not used within a few seconds from the window's load event. Please make sure it has an appropriate `as` value and it is preloaded intentionally.", source: https://www.youtube.com/watch?v=r5-i4IZqUxY (0)
[28414:28414:1027/044148.546315:INFO:CONSOLE(0)] "The resource https://i.ytimg.com/generate_204 was preloaded using link preload but not used within a few seconds from the window's load event. Please make sure it has an appropriate `as` value and it is preloaded intentionally.", source: https://www.youtube.com/watch?v=r5-i4IZqUxY (0)
[28414:28414:1027/044218.554348:INFO:CONSOLE(0)] "The resource https://i.ytimg.com/generate_204 was preloaded using link preload but not used within a few seconds from the window's load event. Please make sure it has an appropriate `as` value and it is preloaded intentionally.", source: https://www.youtube.com/watch?v=r5-i4IZqUxY (0)
[28414:28414:1027/044248.538329:INFO:CONSOLE(0)] "The resource https://i.ytimg.com/generate_204 was preloaded using link preload but not used within a few seconds from the window's load event. Please make sure it has an appropriate `as` value and it is preloaded intentionally.", source: https://www.youtube.com/watch?v=r5-i4IZqUxY (0)
[28414:28414:1027/044318.546412:INFO:CONSOLE(0)] "The resource https://i.ytimg.com/generate_204 was preloaded using link preload but not used within a few seconds from the window's load event. Please make sure it has an appropriate `as` value and it is preloaded intentionally.", source: https://www.youtube.com/watch?v=r5-i4IZqUxY (0)
[28414:28414:1027/044348.546382:INFO:CONSOLE(0)] "The resource https://i.ytimg.com/generate_204 was preloaded using link preload but not used within a few seconds from the window's load event. Please make sure it has an appropriate `as` value and it is preloaded intentionally.", source: https://www.youtube.com/watch?v=r5-i4IZqUxY (0)
[28414:28414:1027/044410.314319:INFO:CONSOLE(0)] "The resource https://i.ytimg.com/generate_204 was preloaded using link preload but not used within a few seconds from the window's load event. Please make sure it has an appropriate `as` value and it is preloaded intentionally.", source: https://www.youtube.com/watch?v=r5-i4IZqUxY (0)
[28414:28414:1027/044418.458807:INFO:CONSOLE(0)] "The resource https://i.ytimg.com/generate_204 was preloaded using link preload but not used within a few seconds from the window's load event. Please make sure it has an appropriate `as` value and it is preloaded intentionally.", source: https://www.youtube.com/watch?v=r5-i4IZqUxY (0)
[28414:28414:1027/044438.314177:INFO:CONSOLE(0)] "The resource https://i.ytimg.com/generate_204 was preloaded using link preload but not used within a few seconds from the window's load event. Please make sure it has an appropriate `as` value and it is preloaded intentionally.", source: https://www.youtube.com/watch?v=r5-i4IZqUxY (0)
[28414:28414:1027/044448.458265:INFO:CONSOLE(0)] "The resource https://i.ytimg.com/generate_204 was preloaded using link preload but not used within a few seconds from the window's load event. Please make sure it has an appropriate `as` value and it is preloaded intentionally.", source: https://www.youtube.com/watch?v=r5-i4IZqUxY (0)
[28414:28414:1027/044506.314447:INFO:CONSOLE(0)] "The resource https://i.ytimg.com/generate_204 was preloaded using link preload but not used within a few seconds from the window's load event. Please make sure it has an appropriate `as` value and it is preloaded intentionally.", source: https://www.youtube.com/watch?v=r5-i4IZqUxY (0)
[28414:28414:1027/044518.458232:INFO:CONSOLE(0)] "The resource https://i.ytimg.com/generate_204 was preloaded using link preload but not used within a few seconds from the window's load event. Please make sure it has an appropriate `as` value and it is preloaded intentionally.", source: https://www.youtube.com/watch?v=r5-i4IZqUxY (0)
[28414:28414:1027/044534.314134:INFO:CONSOLE(0)] "The resource https://i.ytimg.com/generate_204 was preloaded using link preload but not used within a few seconds from the window's load event. Please make sure it has an appropriate `as` value and it is preloaded intentionally.", source: https://www.youtube.com/watch?v=r5-i4IZqUxY (0)
[28414:28414:1027/044548.461248:INFO:CONSOLE(0)] "The resource https://i.ytimg.com/generate_204 was preloaded using link preload but not used within a few seconds from the window's load event. Please make sure it has an appropriate `as` value and it is preloaded intentionally.", source: https://www.youtube.com/watch?v=r5-i4IZqUxY (0)
[28414:28414:1027/044602.314208:INFO:CONSOLE(0)] "The resource https://i.ytimg.com/generate_204 was preloaded using link preload but not used within a few seconds from the window's load event. Please make sure it has an appropriate `as` value and it is preloaded intentionally.", source: https://www.youtube.com/watch?v=r5-i4IZqUxY (0)
[28414:28414:1027/044618.458269:INFO:CONSOLE(0)] "The resource https://i.ytimg.com/generate_204 was preloaded using link preload but not used within a few seconds from the window's load event. Please make sure it has an appropriate `as` value and it is preloaded intentionally.", source: https://www.youtube.com/watch?v=r5-i4IZqUxY (0)
[28414:28414:1027/044630.314206:INFO:CONSOLE(0)] "The resource https://i.ytimg.com/generate_204 was preloaded using link preload but not used within a few seconds from the window's load event. Please make sure it has an appropriate `as` value and it is preloaded intentionally.", source: https://www.youtube.com/watch?v=r5-i4IZqUxY (0)
[28414:28414:1027/044659.122183:INFO:CONSOLE(0)] "The resource https://i.ytimg.com/generate_204 was preloaded using link preload but not used within a few seconds from the window's load event. Please make sure it has an appropriate `as` value and it is preloaded intentionally.", source: https://www.youtube.com/watch?v=r5-i4IZqUxY (0)
[28414:28414:1027/044712.050209:INFO:CONSOLE(0)] "The resource https://i.ytimg.com/generate_204 was preloaded using link preload but not used within a few seconds from the window's load event. Please make sure it has an appropriate `as` value and it is preloaded intentionally.", source: https://www.youtube.com/watch?v=r5-i4IZqUxY (0)
[28414:28414:1027/044718.418596:INFO:CONSOLE(0)] "The resource https://i.ytimg.com/generate_204 was preloaded using link preload but not used within a few seconds from the window's load event. Please make sure it has an appropriate `as` value and it is preloaded intentionally.", source: https://www.youtube.com/watch?v=r5-i4IZqUxY (0)
[28414:28414:1027/044723.482313:INFO:CONSOLE(0)] "The resource https://i.ytimg.com/generate_204 was preloaded using link preload but not used within a few seconds from the window's load event. Please make sure it has an appropriate `as` value and it is preloaded intentionally.", source: https://www.youtube.com/watch?v=r5-i4IZqUxY (0)
[28414:28414:1027/044726.141553:ERROR:service_worker_task_queue.cc(232)] DidStartWorkerFail ffbkglfijbcbgblgflchnbphjdllaogb: 5
[28414:28414:1027/044726.441915:ERROR:service_worker_task_queue.cc(232)] DidStartWorkerFail ffbkglfijbcbgblgflchnbphjdllaogb: 5
[28414:28414:1027/044727.123971:INFO:CONSOLE(9049)] "LegacyDataMixin will be applied to all legacy elements.
Set `_legacyUndefinedCheck: true` on element class to enable.", source: https://www.youtube.com/s/desktop/98b05ec2/jsbin/desktop_polymer.vflset/desktop_polymer.js (9049)
[28414:28414:1027/044727.561965:ERROR:service_worker_task_queue.cc(232)] DidStartWorkerFail ffbkglfijbcbgblgflchnbphjdllaogb: 5
[28414:28414:1027/044727.571575:ERROR:service_worker_task_queue.cc(232)] DidStartWorkerFail ffbkglfijbcbgblgflchnbphjdllaogb: 5
[28414:28414:1027/044733.114101:INFO:CONSOLE(0)] "The resource https://i.ytimg.com/generate_204 was preloaded using link preload but not used within a few seconds from the window's load event. Please make sure it has an appropriate `as` value and it is preloaded intentionally.", source: https://www.youtube.com/watch?v=r5-i4IZqUxY (0)
[28414:28414:1027/044737.583133:INFO:CONSOLE(0)] "The resource https://i.ytimg.com/generate_204 was preloaded using link preload but not used within a few seconds from the window's load event. Please make sure it has an appropriate `as` value and it is preloaded intentionally.", source: https://www.youtube.com/watch?v=r5-i4IZqUxY (0)
[28414:28414:1027/044742.146208:INFO:CONSOLE(0)] "The resource https://r4---sn-gwpa-5hqel.googlevideo.com/generate_204?conn2 was preloaded using link preload but not used within a few seconds from the window's load event. Please make sure it has an appropriate `as` value and it is preloaded intentionally.", source: https://www.youtube.com/watch?v=6fKphXvCUDg (0)
[28414:28414:1027/044742.146305:INFO:CONSOLE(0)] "The resource https://r4---sn-gwpa-5hqel.googlevideo.com/generate_204 was preloaded using link preload but not used within a few seconds from the window's load event. Please make sure it has an appropriate `as` value and it is preloaded intentionally.", source: https://www.youtube.com/watch?v=6fKphXvCUDg (0)
[28414:28414:1027/044742.146357:INFO:CONSOLE(0)] "The resource https://i.ytimg.com/generate_204 was preloaded using link preload but not used within a few seconds from the window's load event. Please make sure it has an appropriate `as` value and it is preloaded intentionally.", source: https://www.youtube.com/watch?v=6fKphXvCUDg (0)
[28414:28414:1027/044748.490286:INFO:CONSOLE(0)] "The resource https://i.ytimg.com/generate_204 was preloaded using link preload but not used within a few seconds from the window's load event. Please make sure it has an appropriate `as` value and it is preloaded intentionally.", source: https://www.youtube.com/watch?v=r5-i4IZqUxY (0)
[28414:28414:1027/044751.290047:INFO:CONSOLE(0)] "The resource https://r4---sn-gwpa-5hqel.googlevideo.com/generate_204?conn2 was preloaded using link preload but not used within a few seconds from the window's load event. Please make sure it has an appropriate `as` value and it is preloaded intentionally.", source: https://www.youtube.com/watch?v=6fKphXvCUDg (0)
[28414:28414:1027/044751.290108:INFO:CONSOLE(0)] "The resource https://r4---sn-gwpa-5hqel.googlevideo.com/generate_204 was preloaded using link preload but not used within a few seconds from the window's load event. Please make sure it has an appropriate `as` value and it is preloaded intentionally.", source: https://www.youtube.com/watch?v=6fKphXvCUDg (0)
[28414:28414:1027/044751.290140:INFO:CONSOLE(0)] "The resource https://i.ytimg.com/generate_204 was preloaded using link preload but not used within a few seconds from the window's load event. Please make sure it has an appropriate `as` value and it is preloaded intentionally.", source: https://www.youtube.com/watch?v=6fKphXvCUDg (0)
[28414:28414:1027/044752.514247:INFO:CONSOLE(0)] "The resource https://i.ytimg.com/generate_204 was preloaded using link preload but not used within a few seconds from the window's load event. Please make sure it has an appropriate `as` value and it is preloaded intentionally.", source: https://www.youtube.com/watch?v=r5-i4IZqUxY (0)
[28414:28414:1027/044801.954168:INFO:CONSOLE(0)] "The resource https://r4---sn-gwpa-5hqel.googlevideo.com/generate_204?conn2 was preloaded using link preload but not used within a few seconds from the window's load event. Please make sure it has an appropriate `as` value and it is preloaded intentionally.", source: https://www.youtube.com/watch?v=6fKphXvCUDg (0)
[28414:28414:1027/044801.954269:INFO:CONSOLE(0)] "The resource https://r4---sn-gwpa-5hqel.googlevideo.com/generate_204 was preloaded using link preload but not used within a few seconds from the window's load event. Please make sure it has an appropriate `as` value and it is preloaded intentionally.", source: https://www.youtube.com/watch?v=6fKphXvCUDg (0)
[28414:28414:1027/044801.954343:INFO:CONSOLE(0)] "The resource https://i.ytimg.com/generate_204 was preloaded using link preload but not used within a few seconds from the window's load event. Please make sure it has an appropriate `as` value and it is preloaded intentionally.", source: https://www.youtube.com/watch?v=6fKphXvCUDg (0)
[28414:28414:1027/044804.002259:INFO:CONSOLE(0)] "The resource https://i.ytimg.com/generate_204 was preloaded using link preload but not used within a few seconds from the window's load event. Please make sure it has an appropriate `as` value and it is preloaded intentionally.", source: https://www.youtube.com/watch?v=r5-i4IZqUxY (0)
[28414:28414:1027/044805.211090:INFO:CONSOLE(0)] "The resource https://r4---sn-gwpa-5hqel.googlevideo.com/generate_204?conn2 was preloaded using link preload but not used within a few seconds from the window's load event. Please make sure it has an appropriate `as` value and it is preloaded intentionally.", source: https://www.youtube.com/watch?v=6fKphXvCUDg (0)
[28414:28414:1027/044805.211208:INFO:CONSOLE(0)] "The resource https://r4---sn-gwpa-5hqel.googlevideo.com/generate_204 was preloaded using link preload but not used within a few seconds from the window's load event. Please make sure it has an appropriate `as` value and it is preloaded intentionally.", source: https://www.youtube.com/watch?v=6fKphXvCUDg (0)
[28414:28414:1027/044805.211272:INFO:CONSOLE(0)] "The resource https://i.ytimg.com/generate_204 was preloaded using link preload but not used within a few seconds from the window's load event. Please make sure it has an appropriate `as` value and it is preloaded intentionally.", source: https://www.youtube.com/watch?v=6fKphXvCUDg (0)
[28414:28414:1027/044810.082105:INFO:CONSOLE(0)] "The resource https://r4---sn-gwpa-5hqel.googlevideo.com/generate_204?conn2 was preloaded using link preload but not used within a few seconds from the window's load event. Please make sure it has an appropriate `as` value and it is preloaded intentionally.", source: https://www.youtube.com/watch?v=6fKphXvCUDg (0)
[28414:28414:1027/044810.082189:INFO:CONSOLE(0)] "The resource https://r4---sn-gwpa-5hqel.googlevideo.com/generate_204 was preloaded using link preload but not used within a few seconds from the window's load event. Please make sure it has an appropriate `as` value and it is preloaded intentionally.", source: https://www.youtube.com/watch?v=6fKphXvCUDg (0)
[28414:28414:1027/044810.082242:INFO:CONSOLE(0)] "The resource https://i.ytimg.com/generate_204 was preloaded using link preload but not used within a few seconds from the window's load event. Please make sure it has an appropriate `as` value and it is preloaded intentionally.", source: https://www.youtube.com/watch?v=6fKphXvCUDg (0)
[28414:28414:1027/044818.466318:INFO:CONSOLE(0)] "The resource https://i.ytimg.com/generate_204 was preloaded using link preload but not used within a few seconds from the window's load event. Please make sure it has an appropriate `as` value and it is preloaded intentionally.", source: https://www.youtube.com/watch?v=r5-i4IZqUxY (0)
[28414:28414:1027/044822.155171:ERROR:service_worker_task_queue.cc(232)] DidStartWorkerFail ffbkglfijbcbgblgflchnbphjdllaogb: 5
[28414:28414:1027/044822.306177:INFO:CONSOLE(0)] "The resource https://i.ytimg.com/generate_204 was preloaded using link preload but not used within a few seconds from the window's load event. Please make sure it has an appropriate `as` value and it is preloaded intentionally.", source: https://www.youtube.com/watch?v=r5-i4IZqUxY (0)
[28414:28414:1027/044822.546038:ERROR:service_worker_task_queue.cc(232)] DidStartWorkerFail ffbkglfijbcbgblgflchnbphjdllaogb: 5
[28414:28414:1027/044829.922786:INFO:CONSOLE(0)] "The resource https://r4---sn-gwpa-5hqel.googlevideo.com/generate_204?conn2 was preloaded using link preload but not used within a few seconds from the window's load event. Please make sure it has an appropriate `as` value and it is preloaded intentionally.", source: https://www.youtube.com/watch?v=6fKphXvCUDg (0)
[28414:28414:1027/044829.922878:INFO:CONSOLE(0)] "The resource https://r4---sn-gwpa-5hqel.googlevideo.com/generate_204 was preloaded using link preload but not used within a few seconds from the window's load event. Please make sure it has an appropriate `as` value and it is preloaded intentionally.", source: https://www.youtube.com/watch?v=6fKphXvCUDg (0)
[28414:28414:1027/044829.922937:INFO:CONSOLE(0)] "The resource https://i.ytimg.com/generate_204 was preloaded using link preload but not used within a few seconds from the window's load event. Please make sure it has an appropriate `as` value and it is preloaded intentionally.", source: https://www.youtube.com/watch?v=6fKphXvCUDg (0)
[28414:28414:1027/044836.018236:INFO:CONSOLE(0)] "The resource https://i.ytimg.com/generate_204 was preloaded using link preload but not used within a few seconds from the window's load event. Please make sure it has an appropriate `as` value and it is preloaded intentionally.", source: https://www.youtube.com/watch?v=r5-i4IZqUxY (0)
[28414:28414:1027/044837.802132:INFO:CONSOLE(0)] "The resource https://r4---sn-gwpa-5hqel.googlevideo.com/generate_204?conn2 was preloaded using link preload but not used within a few seconds from the window's load event. Please make sure it has an appropriate `as` value and it is preloaded intentionally.", source: https://www.youtube.com/watch?v=6fKphXvCUDg (0)
[28414:28414:1027/044837.802234:INFO:CONSOLE(0)] "The resource https://r4---sn-gwpa-5hqel.googlevideo.com/generate_204 was preloaded using link preload but not used within a few seconds from the window's load event. Please make sure it has an appropriate `as` value and it is preloaded intentionally.", source: https://www.youtube.com/watch?v=6fKphXvCUDg (0)
[28414:28414:1027/044837.802334:INFO:CONSOLE(0)] "The resource https://i.ytimg.com/generate_204 was preloaded using link preload but not used within a few seconds from the window's load event. Please make sure it has an appropriate `as` value and it is preloaded intentionally.", source: https://www.youtube.com/watch?v=6fKphXvCUDg (0)
[28414:28414:1027/044849.010137:INFO:CONSOLE(0)] "The resource https://i.ytimg.com/generate_204 was preloaded using link preload but not used within a few seconds from the window's load event. Please make sure it has an appropriate `as` value and it is preloaded intentionally.", source: https://www.youtube.com/watch?v=r5-i4IZqUxY (0)
[28414:28414:1027/044851.722150:INFO:CONSOLE(0)] "The resource https://r4---sn-gwpa-5hqel.googlevideo.com/generate_204?conn2 was preloaded using link preload but not used within a few seconds from the window's load event. Please make sure it has an appropriate `as` value and it is preloaded intentionally.", source: https://www.youtube.com/watch?v=6fKphXvCUDg (0)
[28414:28414:1027/044851.722301:INFO:CONSOLE(0)] "The resource https://r4---sn-gwpa-5hqel.googlevideo.com/generate_204 was preloaded using link preload but not used within a few seconds from the window's load event. Please make sure it has an appropriate `as` value and it is preloaded intentionally.", source: https://www.youtube.com/watch?v=6fKphXvCUDg (0)
[28414:28414:1027/044851.722340:INFO:CONSOLE(0)] "The resource https://i.ytimg.com/generate_204 was preloaded using link preload but not used within a few seconds from the window's load event. Please make sure it has an appropriate `as` value and it is preloaded intentionally.", source: https://www.youtube.com/watch?v=6fKphXvCUDg (0)
[28414:28414:1027/044904.290073:INFO:CONSOLE(0)] "The resource https://r4---sn-gwpa-5hqel.googlevideo.com/generate_204?conn2 was preloaded using link preload but not used within a few seconds from the window's load event. Please make sure it has an appropriate `as` value and it is preloaded intentionally.", source: https://www.youtube.com/watch?v=6fKphXvCUDg (0)
[28414:28414:1027/044904.290134:INFO:CONSOLE(0)] "The resource https://r4---sn-gwpa-5hqel.googlevideo.com/generate_204 was preloaded using link preload but not used within a few seconds from the window's load event. Please make sure it has an appropriate `as` value and it is preloaded intentionally.", source: https://www.youtube.com/watch?v=6fKphXvCUDg (0)
[28414:28414:1027/044904.290165:INFO:CONSOLE(0)] "The resource https://i.ytimg.com/generate_204 was preloaded using link preload but not used within a few seconds from the window's load event. Please make sure it has an appropriate `as` value and it is preloaded intentionally.", source: https://www.youtube.com/watch?v=6fKphXvCUDg (0)
[28414:28414:1027/044906.018181:INFO:CONSOLE(0)] "The resource https://i.ytimg.com/generate_204 was preloaded using link preload but not used within a few seconds from the window's load event. Please make sure it has an appropriate `as` value and it is preloaded intentionally.", source: https://www.youtube.com/watch?v=r5-i4IZqUxY (0)
[28414:28414:1027/044919.010119:INFO:CONSOLE(0)] "The resource https://i.ytimg.com/generate_204 was preloaded using link preload but not used within a few seconds from the window's load event. Please make sure it has an appropriate `as` value and it is preloaded intentionally.", source: https://www.youtube.com/watch?v=r5-i4IZqUxY (0)
[28414:28414:1027/044919.810308:INFO:CONSOLE(0)] "The resource https://r4---sn-gwpa-5hqel.googlevideo.com/generate_204?conn2 was preloaded using link preload but not used within a few seconds from the window's load event. Please make sure it has an appropriate `as` value and it is preloaded intentionally.", source: https://www.youtube.com/watch?v=6fKphXvCUDg (0)
[28414:28414:1027/044919.810407:INFO:CONSOLE(0)] "The resource https://r4---sn-gwpa-5hqel.googlevideo.com/generate_204 was preloaded using link preload but not used within a few seconds from the window's load event. Please make sure it has an appropriate `as` value and it is preloaded intentionally.", source: https://www.youtube.com/watch?v=6fKphXvCUDg (0)
[28414:28414:1027/044919.810472:INFO:CONSOLE(0)] "The resource https://i.ytimg.com/generate_204 was preloaded using link preload but not used within a few seconds from the window's load event. Please make sure it has an appropriate `as` value and it is preloaded intentionally.", source: https://www.youtube.com/watch?v=6fKphXvCUDg (0)
[28414:28414:1027/044924.970981:ERROR:service_worker_task_queue.cc(232)] DidStartWorkerFail ffbkglfijbcbgblgflchnbphjdllaogb: 5
[28414:28414:1027/044932.818237:INFO:CONSOLE(0)] "The resource https://r4---sn-gwpa-5hqel.googlevideo.com/generate_204?conn2 was preloaded using link preload but not used within a few seconds from the window's load event. Please make sure it has an appropriate `as` value and it is preloaded intentionally.", source: https://www.youtube.com/watch?v=6fKphXvCUDg (0)
[28414:28414:1027/044932.818352:INFO:CONSOLE(0)] "The resource https://r4---sn-gwpa-5hqel.googlevideo.com/generate_204 was preloaded using link preload but not used within a few seconds from the window's load event. Please make sure it has an appropriate `as` value and it is preloaded intentionally.", source: https://www.youtube.com/watch?v=6fKphXvCUDg (0)
[28414:28414:1027/044932.818444:INFO:CONSOLE(0)] "The resource https://i.ytimg.com/generate_204 was preloaded using link preload but not used within a few seconds from the window's load event. Please make sure it has an appropriate `as` value and it is preloaded intentionally.", source: https://www.youtube.com/watch?v=6fKphXvCUDg (0)
[28414:28414:1027/044949.010084:INFO:CONSOLE(0)] "The resource https://i.ytimg.com/generate_204 was preloaded using link preload but not used within a few seconds from the window's load event. Please make sure it has an appropriate `as` value and it is preloaded intentionally.", source: https://www.youtube.com/watch?v=r5-i4IZqUxY (0)
[28414:28414:1027/045000.218211:INFO:CONSOLE(0)] "The resource https://r4---sn-gwpa-5hqel.googlevideo.com/generate_204?conn2 was preloaded using link preload but not used within a few seconds from the window's load event. Please make sure it has an appropriate `as` value and it is preloaded intentionally.", source: https://www.youtube.com/watch?v=6fKphXvCUDg (0)
[28414:28414:1027/045000.218283:INFO:CONSOLE(0)] "The resource https://r4---sn-gwpa-5hqel.googlevideo.com/generate_204 was preloaded using link preload but not used within a few seconds from the window's load event. Please make sure it has an appropriate `as` value and it is preloaded intentionally.", source: https://www.youtube.com/watch?v=6fKphXvCUDg (0)
[28414:28414:1027/045000.218318:INFO:CONSOLE(0)] "The resource https://i.ytimg.com/generate_204 was preloaded using link preload but not used within a few seconds from the window's load event. Please make sure it has an appropriate `as` value and it is preloaded intentionally.", source: https://www.youtube.com/watch?v=6fKphXvCUDg (0)
[28414:28414:1027/045012.802279:INFO:CONSOLE(0)] "The resource https://r4---sn-gwpa-5hqel.googlevideo.com/generate_204?conn2 was preloaded using link preload but not used within a few seconds from the window's load event. Please make sure it has an appropriate `as` value and it is preloaded intentionally.", source: https://www.youtube.com/watch?v=6fKphXvCUDg (0)
[28414:28414:1027/045012.802405:INFO:CONSOLE(0)] "The resource https://r4---sn-gwpa-5hqel.googlevideo.com/generate_204 was preloaded using link preload but not used within a few seconds from the window's load event. Please make sure it has an appropriate `as` value and it is preloaded intentionally.", source: https://www.youtube.com/watch?v=6fKphXvCUDg (0)
[28414:28414:1027/045012.802480:INFO:CONSOLE(0)] "The resource https://i.ytimg.com/generate_204 was preloaded using link preload but not used within a few seconds from the window's load event. Please make sure it has an appropriate `as` value and it is preloaded intentionally.", source: https://www.youtube.com/watch?v=6fKphXvCUDg (0)
[28414:28414:1027/045019.018248:INFO:CONSOLE(0)] "The resource https://i.ytimg.com/generate_204 was preloaded using link preload but not used within a few seconds from the window's load event. Please make sure it has an appropriate `as` value and it is preloaded intentionally.", source: https://www.youtube.com/watch?v=r5-i4IZqUxY (0)
[28414:28414:1027/045028.218147:INFO:CONSOLE(0)] "The resource https://r4---sn-gwpa-5hqel.googlevideo.com/generate_204?conn2 was preloaded using link preload but not used within a few seconds from the window's load event. Please make sure it has an appropriate `as` value and it is preloaded intentionally.", source: https://www.youtube.com/watch?v=6fKphXvCUDg (0)
[28414:28414:1027/045028.218234:INFO:CONSOLE(0)] "The resource https://r4---sn-gwpa-5hqel.googlevideo.com/generate_204 was preloaded using link preload but not used within a few seconds from the window's load event. Please make sure it has an appropriate `as` value and it is preloaded intentionally.", source: https://www.youtube.com/watch?v=6fKphXvCUDg (0)
[28414:28414:1027/045028.218277:INFO:CONSOLE(0)] "The resource https://i.ytimg.com/generate_204 was preloaded using link preload but not used within a few seconds from the window's load event. Please make sure it has an appropriate `as` value and it is preloaded intentionally.", source: https://www.youtube.com/watch?v=6fKphXvCUDg (0)
[28414:28414:1027/045047.122107:INFO:CONSOLE(0)] "The resource https://r4---sn-gwpa-5hqel.googlevideo.com/generate_204?conn2 was preloaded using link preload but not used within a few seconds from the window's load event. Please make sure it has an appropriate `as` value and it is preloaded intentionally.", source: https://www.youtube.com/watch?v=6fKphXvCUDg (0)
[28414:28414:1027/045047.122181:INFO:CONSOLE(0)] "The resource https://r4---sn-gwpa-5hqel.googlevideo.com/generate_204 was preloaded using link preload but not used within a few seconds from the window's load event. Please make sure it has an appropriate `as` value and it is preloaded intentionally.", source: https://www.youtube.com/watch?v=6fKphXvCUDg (0)
[28414:28414:1027/045047.122228:INFO:CONSOLE(0)] "The resource https://i.ytimg.com/generate_204 was preloaded using link preload but not used within a few seconds from the window's load event. Please make sure it has an appropriate `as` value and it is preloaded intentionally.", source: https://www.youtube.com/watch?v=6fKphXvCUDg (0)
[28414:28414:1027/045049.010220:INFO:CONSOLE(0)] "The resource https://i.ytimg.com/generate_204 was preloaded using link preload but not used within a few seconds from the window's load event. Please make sure it has an appropriate `as` value and it is preloaded intentionally.", source: https://www.youtube.com/watch?v=r5-i4IZqUxY (0)
[28414:28414:1027/045058.834282:INFO:CONSOLE(0)] "The resource https://r4---sn-gwpa-5hqel.googlevideo.com/generate_204?conn2 was preloaded using link preload but not used within a few seconds from the window's load event. Please make sure it has an appropriate `as` value and it is preloaded intentionally.", source: https://www.youtube.com/watch?v=6fKphXvCUDg (0)
[28414:28414:1027/045058.834385:INFO:CONSOLE(0)] "The resource https://r4---sn-gwpa-5hqel.googlevideo.com/generate_204 was preloaded using link preload but not used within a few seconds from the window's load event. Please make sure it has an appropriate `as` value and it is preloaded intentionally.", source: https://www.youtube.com/watch?v=6fKphXvCUDg (0)
[28414:28414:1027/045058.834469:INFO:CONSOLE(0)] "The resource https://i.ytimg.com/generate_204 was preloaded using link preload but not used within a few seconds from the window's load event. Please make sure it has an appropriate `as` value and it is preloaded intentionally.", source: https://www.youtube.com/watch?v=6fKphXvCUDg (0)
[28414:28414:1027/045119.146210:INFO:CONSOLE(0)] "The resource https://i.ytimg.com/generate_204 was preloaded using link preload but not used within a few seconds from the window's load event. Please make sure it has an appropriate `as` value and it is preloaded intentionally.", source: https://www.youtube.com/watch?v=r5-i4IZqUxY (0)
[28414:28414:1027/045120.402475:INFO:CONSOLE(0)] "The resource https://r4---sn-gwpa-5hqel.googlevideo.com/generate_204?conn2 was preloaded using link preload but not used within a few seconds from the window's load event. Please make sure it has an appropriate `as` value and it is preloaded intentionally.", source: https://www.youtube.com/watch?v=6fKphXvCUDg (0)
[28414:28414:1027/045120.402574:INFO:CONSOLE(0)] "The resource https://r4---sn-gwpa-5hqel.googlevideo.com/generate_204 was preloaded using link preload but not used within a few seconds from the window's load event. Please make sure it has an appropriate `as` value and it is preloaded intentionally.", source: https://www.youtube.com/watch?v=6fKphXvCUDg (0)
[28414:28414:1027/045120.402637:INFO:CONSOLE(0)] "The resource https://i.ytimg.com/generate_204 was preloaded using link preload but not used within a few seconds from the window's load event. Please make sure it has an appropriate `as` value and it is preloaded intentionally.", source: https://www.youtube.com/watch?v=6fKphXvCUDg (0)
[28414:28414:1027/045126.050102:INFO:CONSOLE(0)] "The resource https://r4---sn-gwpa-5hqel.googlevideo.com/generate_204?conn2 was preloaded using link preload but not used within a few seconds from the window's load event. Please make sure it has an appropriate `as` value and it is preloaded intentionally.", source: https://www.youtube.com/watch?v=6fKphXvCUDg (0)
[28414:28414:1027/045126.050166:INFO:CONSOLE(0)] "The resource https://r4---sn-gwpa-5hqel.googlevideo.com/generate_204 was preloaded using link preload but not used within a few seconds from the window's load event. Please make sure it has an appropriate `as` value and it is preloaded intentionally.", source: https://www.youtube.com/watch?v=6fKphXvCUDg (0)
[28414:28414:1027/045126.050200:INFO:CONSOLE(0)] "The resource https://i.ytimg.com/generate_204 was preloaded using link preload but not used within a few seconds from the window's load event. Please make sure it has an appropriate `as` value and it is preloaded intentionally.", source: https://www.youtube.com/watch?v=6fKphXvCUDg (0)
[28414:28414:1027/045136.266198:INFO:CONSOLE(0)] "The resource https://r4---sn-gwpa-5hqel.googlevideo.com/generate_204?conn2 was preloaded using link preload but not used within a few seconds from the window's load event. Please make sure it has an appropriate `as` value and it is preloaded intentionally.", source: https://www.youtube.com/watch?v=6fKphXvCUDg (0)
[28414:28414:1027/045136.266318:INFO:CONSOLE(0)] "The resource https://r4---sn-gwpa-5hqel.googlevideo.com/generate_204 was preloaded using link preload but not used within a few seconds from the window's load event. Please make sure it has an appropriate `as` value and it is preloaded intentionally.", source: https://www.youtube.com/watch?v=6fKphXvCUDg (0)
[28414:28414:1027/045136.266373:INFO:CONSOLE(0)] "The resource https://i.ytimg.com/generate_204 was preloaded using link preload but not used within a few seconds from the window's load event. Please make sure it has an appropriate `as` value and it is preloaded intentionally.", source: https://www.youtube.com/watch?v=6fKphXvCUDg (0)
[28414:28414:1027/045139.794314:INFO:CONSOLE(0)] "The resource https://r4---sn-gwpa-5hqel.googlevideo.com/generate_204?conn2 was preloaded using link preload but not used within a few seconds from the window's load event. Please make sure it has an appropriate `as` value and it is preloaded intentionally.", source: https://www.youtube.com/watch?v=6fKphXvCUDg (0)
[28414:28414:1027/045139.794430:INFO:CONSOLE(0)] "The resource https://r4---sn-gwpa-5hqel.googlevideo.com/generate_204 was preloaded using link preload but not used within a few seconds from the window's load event. Please make sure it has an appropriate `as` value and it is preloaded intentionally.", source: https://www.youtube.com/watch?v=6fKphXvCUDg (0)
[28414:28414:1027/045139.794491:INFO:CONSOLE(0)] "The resource https://i.ytimg.com/generate_204 was preloaded using link preload but not used within a few seconds from the window's load event. Please make sure it has an appropriate `as` value and it is preloaded intentionally.", source: https://www.youtube.com/watch?v=6fKphXvCUDg (0)
[28414:28414:1027/045149.162195:INFO:CONSOLE(0)] "The resource https://i.ytimg.com/generate_204 was preloaded using link preload but not used within a few seconds from the window's load event. Please make sure it has an appropriate `as` value and it is preloaded intentionally.", source: https://www.youtube.com/watch?v=r5-i4IZqUxY (0)
[28414:28414:1027/045152.426241:INFO:CONSOLE(0)] "The resource https://r4---sn-gwpa-5hqel.googlevideo.com/generate_204?conn2 was preloaded using link preload but not used within a few seconds from the window's load event. Please make sure it has an appropriate `as` value and it is preloaded intentionally.", source: https://www.youtube.com/watch?v=6fKphXvCUDg (0)
[28414:28414:1027/045152.426346:INFO:CONSOLE(0)] "The resource https://r4---sn-gwpa-5hqel.googlevideo.com/generate_204 was preloaded using link preload but not used within a few seconds from the window's load event. Please make sure it has an appropriate `as` value and it is preloaded intentionally.", source: https://www.youtube.com/watch?v=6fKphXvCUDg (0)
[28414:28414:1027/045152.426409:INFO:CONSOLE(0)] "The resource https://i.ytimg.com/generate_204 was preloaded using link preload but not used within a few seconds from the window's load event. Please make sure it has an appropriate `as` value and it is preloaded intentionally.", source: https://www.youtube.com/watch?v=6fKphXvCUDg (0)
[28414:28414:1027/045208.930096:INFO:CONSOLE(0)] "The resource https://r4---sn-gwpa-5hqel.googlevideo.com/generate_204?conn2 was preloaded using link preload but not used within a few seconds from the window's load event. Please make sure it has an appropriate `as` value and it is preloaded intentionally.", source: https://www.youtube.com/watch?v=6fKphXvCUDg (0)
[28414:28414:1027/045208.930178:INFO:CONSOLE(0)] "The resource https://r4---sn-gwpa-5hqel.googlevideo.com/generate_204 was preloaded using link preload but not used within a few seconds from the window's load event. Please make sure it has an appropriate `as` value and it is preloaded intentionally.", source: https://www.youtube.com/watch?v=6fKphXvCUDg (0)
[28414:28414:1027/045208.930235:INFO:CONSOLE(0)] "The resource https://i.ytimg.com/generate_204 was preloaded using link preload but not used within a few seconds from the window's load event. Please make sure it has an appropriate `as` value and it is preloaded intentionally.", source: https://www.youtube.com/watch?v=6fKphXvCUDg (0)
[28414:28414:1027/045219.034181:INFO:CONSOLE(0)] "The resource https://i.ytimg.com/generate_204 was preloaded using link preload but not used within a few seconds from the window's load event. Please make sure it has an appropriate `as` value and it is preloaded intentionally.", source: https://www.youtube.com/watch?v=r5-i4IZqUxY (0)
[28414:28414:1027/045219.098124:INFO:CONSOLE(0)] "The resource https://r4---sn-gwpa-5hqel.googlevideo.com/generate_204?conn2 was preloaded using link preload but not used within a few seconds from the window's load event. Please make sure it has an appropriate `as` value and it is preloaded intentionally.", source: https://www.youtube.com/watch?v=6fKphXvCUDg (0)
[28414:28414:1027/045219.098197:INFO:CONSOLE(0)] "The resource https://r4---sn-gwpa-5hqel.googlevideo.com/generate_204 was preloaded using link preload but not used within a few seconds from the window's load event. Please make sure it has an appropriate `as` value and it is preloaded intentionally.", source: https://www.youtube.com/watch?v=6fKphXvCUDg (0)
[28414:28414:1027/045219.098233:INFO:CONSOLE(0)] "The resource https://i.ytimg.com/generate_204 was preloaded using link preload but not used within a few seconds from the window's load event. Please make sure it has an appropriate `as` value and it is preloaded intentionally.", source: https://www.youtube.com/watch?v=6fKphXvCUDg (0)
[28414:28414:1027/045238.986079:INFO:CONSOLE(0)] "The resource https://r4---sn-gwpa-5hqel.googlevideo.com/generate_204?conn2 was preloaded using link preload but not used within a few seconds from the window's load event. Please make sure it has an appropriate `as` value and it is preloaded intentionally.", source: https://www.youtube.com/watch?v=6fKphXvCUDg (0)
[28414:28414:1027/045238.986169:INFO:CONSOLE(0)] "The resource https://r4---sn-gwpa-5hqel.googlevideo.com/generate_204 was preloaded using link preload but not used within a few seconds from the window's load event. Please make sure it has an appropriate `as` value and it is preloaded intentionally.", source: https://www.youtube.com/watch?v=6fKphXvCUDg (0)
[28414:28414:1027/045238.986235:INFO:CONSOLE(0)] "The resource https://i.ytimg.com/generate_204 was preloaded using link preload but not used within a few seconds from the window's load event. Please make sure it has an appropriate `as` value and it is preloaded intentionally.", source: https://www.youtube.com/watch?v=6fKphXvCUDg (0)
[28414:28414:1027/045248.306153:INFO:CONSOLE(0)] "The resource https://r4---sn-gwpa-5hqel.googlevideo.com/generate_204?conn2 was preloaded using link preload but not used within a few seconds from the window's load event. Please make sure it has an appropriate `as` value and it is preloaded intentionally.", source: https://www.youtube.com/watch?v=6fKphXvCUDg (0)
[28414:28414:1027/045248.306232:INFO:CONSOLE(0)] "The resource https://r4---sn-gwpa-5hqel.googlevideo.com/generate_204 was preloaded using link preload but not used within a few seconds from the window's load event. Please make sure it has an appropriate `as` value and it is preloaded intentionally.", source: https://www.youtube.com/watch?v=6fKphXvCUDg (0)
[28414:28414:1027/045248.306286:INFO:CONSOLE(0)] "The resource https://i.ytimg.com/generate_204 was preloaded using link preload but not used within a few seconds from the window's load event. Please make sure it has an appropriate `as` value and it is preloaded intentionally.", source: https://www.youtube.com/watch?v=6fKphXvCUDg (0)
[28414:28414:1027/045249.010097:INFO:CONSOLE(0)] "The resource https://i.ytimg.com/generate_204 was preloaded using link preload but not used within a few seconds from the window's load event. Please make sure it has an appropriate `as` value and it is preloaded intentionally.", source: https://www.youtube.com/watch?v=r5-i4IZqUxY (0)
[28414:28414:1027/045302.074108:INFO:CONSOLE(0)] "The resource https://r4---sn-gwpa-5hqel.googlevideo.com/generate_204?conn2 was preloaded using link preload but not used within a few seconds from the window's load event. Please make sure it has an appropriate `as` value and it is preloaded intentionally.", source: https://www.youtube.com/watch?v=6fKphXvCUDg (0)
[28414:28414:1027/045302.074178:INFO:CONSOLE(0)] "The resource https://r4---sn-gwpa-5hqel.googlevideo.com/generate_204 was preloaded using link preload but not used within a few seconds from the window's load event. Please make sure it has an appropriate `as` value and it is preloaded intentionally.", source: https://www.youtube.com/watch?v=6fKphXvCUDg (0)
[28414:28414:1027/045302.074229:INFO:CONSOLE(0)] "The resource https://i.ytimg.com/generate_204 was preloaded using link preload but not used within a few seconds from the window's load event. Please make sure it has an appropriate `as` value and it is preloaded intentionally.", source: https://www.youtube.com/watch?v=6fKphXvCUDg (0)
[28414:28414:1027/045307.596364:ERROR:service_worker_task_queue.cc(232)] DidStartWorkerFail ffbkglfijbcbgblgflchnbphjdllaogb: 5
[28414:28414:1027/045312.132877:INFO:CONSOLE(0)] "The resource https://r4---sn-gwpa-5hqel.googlevideo.com/generate_204?conn2 was preloaded using link preload but not used within a few seconds from the window's load event. Please make sure it has an appropriate `as` value and it is preloaded intentionally.", source: https://www.youtube.com/watch?v=6fKphXvCUDg (0)
[28414:28414:1027/045312.132989:INFO:CONSOLE(0)] "The resource https://r4---sn-gwpa-5hqel.googlevideo.com/generate_204 was preloaded using link preload but not used within a few seconds from the window's load event. Please make sure it has an appropriate `as` value and it is preloaded intentionally.", source: https://www.youtube.com/watch?v=6fKphXvCUDg (0)
[28414:28414:1027/045312.133041:INFO:CONSOLE(0)] "The resource https://i.ytimg.com/generate_204 was preloaded using link preload but not used within a few seconds from the window's load event. Please make sure it has an appropriate `as` value and it is preloaded intentionally.", source: https://www.youtube.com/watch?v=6fKphXvCUDg (0)
[28414:28414:1027/045321.618441:INFO:CONSOLE(0)] "The resource https://i.ytimg.com/generate_204 was preloaded using link preload but not used within a few seconds from the window's load event. Please make sure it has an appropriate `as` value and it is preloaded intentionally.", source: https://www.youtube.com/watch?v=r5-i4IZqUxY (0)
[28414:28414:1027/045323.547161:ERROR:service_worker_task_queue.cc(232)] DidStartWorkerFail ffbkglfijbcbgblgflchnbphjdllaogb: 5
[28414:28414:1027/045333.498371:INFO:CONSOLE(0)] "The resource https://r4---sn-gwpa-5hqel.googlevideo.com/generate_204?conn2 was preloaded using link preload but not used within a few seconds from the window's load event. Please make sure it has an appropriate `as` value and it is preloaded intentionally.", source: https://www.youtube.com/watch?v=6fKphXvCUDg (0)
[28414:28414:1027/045333.498492:INFO:CONSOLE(0)] "The resource https://r4---sn-gwpa-5hqel.googlevideo.com/generate_204 was preloaded using link preload but not used within a few seconds from the window's load event. Please make sure it has an appropriate `as` value and it is preloaded intentionally.", source: https://www.youtube.com/watch?v=6fKphXvCUDg (0)
[28414:28414:1027/045333.498580:INFO:CONSOLE(0)] "The resource https://i.ytimg.com/generate_204 was preloaded using link preload but not used within a few seconds from the window's load event. Please make sure it has an appropriate `as` value and it is preloaded intentionally.", source: https://www.youtube.com/watch?v=6fKphXvCUDg (0)
[28414:28414:1027/045338.018181:INFO:CONSOLE(0)] "The resource https://i.ytimg.com/generate_204 was preloaded using link preload but not used within a few seconds from the window's load event. Please make sure it has an appropriate `as` value and it is preloaded intentionally.", source: https://www.youtube.com/watch?v=r5-i4IZqUxY (0)
[28414:28414:1027/045344.210530:INFO:CONSOLE(0)] "The resource https://r4---sn-gwpa-5hqel.googlevideo.com/generate_204?conn2 was preloaded using link preload but not used within a few seconds from the window's load event. Please make sure it has an appropriate `as` value and it is preloaded intentionally.", source: https://www.youtube.com/watch?v=6fKphXvCUDg (0)
[28414:28414:1027/045344.210608:INFO:CONSOLE(0)] "The resource https://r4---sn-gwpa-5hqel.googlevideo.com/generate_204 was preloaded using link preload but not used within a few seconds from the window's load event. Please make sure it has an appropriate `as` value and it is preloaded intentionally.", source: https://www.youtube.com/watch?v=6fKphXvCUDg (0)
[28414:28414:1027/045344.210650:INFO:CONSOLE(0)] "The resource https://i.ytimg.com/generate_204 was preloaded using link preload but not used within a few seconds from the window's load event. Please make sure it has an appropriate `as` value and it is preloaded intentionally.", source: https://www.youtube.com/watch?v=6fKphXvCUDg (0)
[28414:28414:1027/045412.210157:INFO:CONSOLE(0)] "The resource https://r4---sn-gwpa-5hqel.googlevideo.com/generate_204?conn2 was preloaded using link preload but not used within a few seconds from the window's load event. Please make sure it has an appropriate `as` value and it is preloaded intentionally.", source: https://www.youtube.com/watch?v=6fKphXvCUDg (0)
[28414:28414:1027/045412.210236:INFO:CONSOLE(0)] "The resource https://r4---sn-gwpa-5hqel.googlevideo.com/generate_204 was preloaded using link preload but not used within a few seconds from the window's load event. Please make sure it has an appropriate `as` value and it is preloaded intentionally.", source: https://www.youtube.com/watch?v=6fKphXvCUDg (0)
[28414:28414:1027/045412.210293:INFO:CONSOLE(0)] "The resource https://i.ytimg.com/generate_204 was preloaded using link preload but not used within a few seconds from the window's load event. Please make sure it has an appropriate `as` value and it is preloaded intentionally.", source: https://www.youtube.com/watch?v=6fKphXvCUDg (0)
[28414:28414:1027/045431.754354:INFO:CONSOLE(0)] "The resource https://r4---sn-gwpa-5hqel.googlevideo.com/generate_204?conn2 was preloaded using link preload but not used within a few seconds from the window's load event. Please make sure it has an appropriate `as` value and it is preloaded intentionally.", source: https://www.youtube.com/watch?v=6fKphXvCUDg (0)
[28414:28414:1027/045431.754477:INFO:CONSOLE(0)] "The resource https://r4---sn-gwpa-5hqel.googlevideo.com/generate_204 was preloaded using link preload but not used within a few seconds from the window's load event. Please make sure it has an appropriate `as` value and it is preloaded intentionally.", source: https://www.youtube.com/watch?v=6fKphXvCUDg (0)
[28414:28414:1027/045431.754573:INFO:CONSOLE(0)] "The resource https://i.ytimg.com/generate_204 was preloaded using link preload but not used within a few seconds from the window's load event. Please make sure it has an appropriate `as` value and it is preloaded intentionally.", source: https://www.youtube.com/watch?v=6fKphXvCUDg (0)
[28414:28414:1027/045436.869705:WARNING:pref_notifier_impl.cc(41)] Pref observer for media_router.cast_allow_all_ips found at shutdown.
