2022-09-23 08:21:16,704  utils.py  log	 INFO     ls6_xV8zKow : https://www.youtube.com/watch?v=ls6_xV8zKow&ab_channel=DaRTYSTaRK
2022-09-23 08:25:44,364  utils.py  log	 INFO     ls6_xV8zKow : https://www.youtube.com/watch?v=ls6_xV8zKow&ab_channel=DaRTYSTaRK
2022-09-23 08:27:08,762  utils.py  log	 INFO     ls6_xV8zKow : https://www.youtube.com/watch?v=ls6_xV8zKow&ab_channel=DaRTYSTaRK
2022-09-23 08:55:47,085  tasks.py  log	 INFO     comment is on the way.
2022-09-23 08:55:47,085  tasks.py  log	 INFO     : -----------2-----------------
2022-09-23 08:58:02,835  tasks.py  log	 INFO     YoutubeJob object (24) : -----------3-----------------
2022-09-23 09:22:10,753  tasks.py  log	 INFO     comment is on the way.
2022-09-23 09:22:10,754  tasks.py  log	 INFO     : -----------2-----------------
2022-09-23 09:22:40,268  tasks.py  log	 INFO     YoutubeJob object (40) : -----------3-----------------
2022-09-23 09:24:56,760  tasks.py  log	 INFO     comment is on the way.
2022-09-23 09:24:56,760  tasks.py  log	 INFO     : -----------2-----------------
2022-09-23 09:59:24,789  tasks.py  log	 INFO     =====================  video dislike success using group==============================
2022-09-23 10:48:45,055  test.py  log	 INFO     Helo
2022-09-26 06:04:02,326  utils.py  log	 INFO     Video is running at 0 times
2022-09-26 06:04:32,474  utils.py  log	 INFO     Video is running at 1 times
2022-09-26 06:05:06,023  utils.py  log	 INFO     Video is running at 2 times
2022-09-26 06:07:00,818  utils.py  log	 INFO     Video is running at 0 times
2022-09-26 06:07:32,066  utils.py  log	 INFO     Video is running at 1 times
2022-09-26 06:08:04,321  utils.py  log	 INFO     Video is running at 2 times
2022-09-26 06:08:35,429  utils.py  log	 INFO     Video is running at 3 times
2022-09-26 06:09:11,683  utils.py  log	 INFO     Video is running at 4 times
2022-09-26 06:09:43,850  utils.py  log	 INFO     Video is running at 5 times
2022-09-26 06:10:18,945  utils.py  log	 INFO     Video is running at 6 times
2022-09-26 06:10:53,103  utils.py  log	 INFO     Video is running at 7 times
2022-09-26 06:11:27,104  utils.py  log	 INFO     Video is running at 8 times
2022-09-26 06:11:57,241  utils.py  log	 INFO     Video is running at 9 times
2022-09-26 06:12:28,407  utils.py  log	 INFO     Video is running at 10 times
2022-09-26 06:13:02,418  utils.py  log	 INFO     Video is running at 11 times
2022-09-26 06:13:36,286  utils.py  log	 INFO     Video is running at 12 times
2022-09-26 06:14:08,520  utils.py  log	 INFO     Video is running at 13 times
2022-09-26 06:14:40,945  utils.py  log	 INFO     Video is running at 14 times
2022-09-26 06:15:14,117  utils.py  log	 INFO     Video is running at 15 times
2022-09-26 06:15:44,262  utils.py  log	 INFO     Video is running at 16 times
2022-09-26 06:16:17,314  utils.py  log	 INFO     Video is running at 17 times
2022-09-26 06:16:48,513  utils.py  log	 INFO     Video is running at 18 times
2022-09-26 06:17:21,657  utils.py  log	 INFO     Video is running at 19 times
2022-09-26 06:51:26,192  utils.py  log	 INFO     Video is running at 0 times
2022-09-26 06:51:59,448  utils.py  log	 INFO     Video is running at 1 times
2022-09-26 06:52:33,741  utils.py  log	 INFO     Video is running at 2 times
2022-09-26 06:53:06,944  utils.py  log	 INFO     Video is running at 3 times
2022-09-26 06:53:38,244  utils.py  log	 INFO     Video is running at 4 times
2022-09-26 06:54:11,360  utils.py  log	 INFO     Video is running at 5 times
2022-09-26 06:54:41,358  utils.py  log	 INFO     Video is running at 6 times
2022-09-26 06:55:16,736  utils.py  log	 INFO     Video is running at 7 times
2022-09-26 06:55:49,803  utils.py  log	 INFO     Video is running at 8 times
2022-09-26 06:56:20,039  utils.py  log	 INFO     Video is running at 9 times
2022-09-26 06:56:56,385  utils.py  log	 INFO     Video is running at 10 times
2022-09-26 06:57:29,529  utils.py  log	 INFO     Video is running at 11 times
2022-09-26 06:57:59,716  utils.py  log	 INFO     Video is running at 12 times
2022-09-26 06:58:34,051  utils.py  log	 INFO     Video is running at 13 times
2022-09-26 06:59:06,389  utils.py  log	 INFO     Video is running at 14 times
2022-09-26 06:59:42,514  utils.py  log	 INFO     Video is running at 15 times
2022-09-26 07:00:13,794  utils.py  log	 INFO     Video is running at 16 times
2022-09-26 07:00:46,822  utils.py  log	 INFO     Video is running at 17 times
2022-09-26 07:01:16,953  utils.py  log	 INFO     Video is running at 18 times
2022-09-26 07:01:50,258  utils.py  log	 INFO     Video is running at 19 times
2022-09-26 07:02:24,803  utils.py  log	 INFO     Video is running at 20 times
2022-09-26 07:02:56,088  utils.py  log	 INFO     Video is running at 21 times
2022-09-26 07:03:28,621  utils.py  log	 INFO     Video is running at 22 times
2022-09-26 07:04:01,266  utils.py  log	 INFO     Video is running at 23 times
2022-09-26 07:04:34,312  utils.py  log	 INFO     Video is running at 24 times
2022-09-26 07:05:06,580  utils.py  log	 INFO     Video is running at 25 times
2022-09-26 07:05:45,262  utils.py  log	 INFO     Video is running at 26 times
2022-09-26 07:06:16,640  utils.py  log	 INFO     Video is running at 27 times
2022-09-26 07:06:48,779  utils.py  log	 INFO     Video is running at 28 times
2022-09-26 07:07:20,960  utils.py  log	 INFO     Video is running at 29 times
2022-09-27 08:36:27,318  utils.py  log	 INFO     Video is running at 0 times
2022-09-27 08:37:00,786  utils.py  log	 INFO     Video is running at 1 times
2022-09-27 08:37:33,396  utils.py  log	 INFO     Video is running at 2 times
2022-09-27 08:38:04,935  utils.py  log	 INFO     Video is running at 3 times
2022-09-27 08:38:35,578  utils.py  log	 INFO     Video is running at 4 times
2022-09-27 08:39:10,058  utils.py  log	 INFO     Video is running at 5 times
2022-09-27 08:39:40,494  utils.py  log	 INFO     Video is running at 6 times
2022-09-27 08:40:12,870  utils.py  log	 INFO     Video is running at 7 times
2022-09-27 08:40:43,918  utils.py  log	 INFO     Video is running at 8 times
2022-09-27 08:41:17,343  utils.py  log	 INFO     Video is running at 9 times
2022-09-27 08:41:47,988  utils.py  log	 INFO     Video is running at 10 times
2022-09-27 08:42:21,721  utils.py  log	 INFO     Video is running at 11 times
2022-09-27 08:42:57,216  utils.py  log	 INFO     Video is running at 12 times
2022-09-27 08:43:33,265  utils.py  log	 INFO     Video is running at 13 times
2022-09-27 08:44:08,495  utils.py  log	 INFO     Video is running at 14 times
2022-09-27 08:44:41,083  utils.py  log	 INFO     Video is running at 15 times
2022-09-27 08:45:12,811  utils.py  log	 INFO     Video is running at 16 times
2022-09-27 08:45:47,222  utils.py  log	 INFO     Video is running at 17 times
2022-09-27 08:46:20,657  utils.py  log	 INFO     Video is running at 18 times
2022-09-27 08:47:11,358  utils.py  log	 INFO     Video is running at 19 times
